info: Converting rc0.d/S* and rc6.d/S* to K*.
info: running insserv
insserv: remove service /etc/init.d/../rc0.d/K36ifupdown
insserv: enable service ../init.d/ifupdown -> /etc/init.d/../rc0.d/K06ifupdown
insserv: remove service /etc/init.d/../rc0.d/K40umountfs
insserv: enable service ../init.d/umountfs -> /etc/init.d/../rc0.d/K07umountfs
insserv: remove service /etc/init.d/../rc0.d/K90halt
insserv: enable service ../init.d/halt -> /etc/init.d/../rc0.d/K09halt
insserv: remove service /etc/init.d/../rc0.d/K35networking
insserv: enable service ../init.d/networking -> /etc/init.d/../rc0.d/K05networking
insserv: remove service /etc/init.d/../rc0.d/K30urandom
insserv: enable service ../init.d/urandom -> /etc/init.d/../rc0.d/K01urandom
insserv: remove service /etc/init.d/../rc0.d/K25hwclock.sh
insserv: enable service ../init.d/hwclock.sh -> /etc/init.d/../rc0.d/K03hwclock.sh
insserv: remove service /etc/init.d/../rc0.d/K11cron
insserv: enable service ../init.d/cron -> /etc/init.d/../rc0.d/K01cron
insserv: remove service /etc/init.d/../rc0.d/K31umountnfs.sh
insserv: enable service ../init.d/umountnfs.sh -> /etc/init.d/../rc0.d/K04umountnfs.sh
insserv: remove service /etc/init.d/../rc0.d/K20sendsigs
insserv: enable service ../init.d/sendsigs -> /etc/init.d/../rc0.d/K03sendsigs
insserv: remove service /etc/init.d/../rc0.d/K90sysklogd
insserv: enable service ../init.d/sysklogd -> /etc/init.d/../rc0.d/K02sysklogd
insserv: remove service /etc/init.d/../rc0.d/K60umountroot
insserv: enable service ../init.d/umountroot -> /etc/init.d/../rc0.d/K08umountroot
insserv: remove service /etc/init.d/../rc0.d/K20openbsd-inetd
insserv: enable service ../init.d/openbsd-inetd -> /etc/init.d/../rc0.d/K01openbsd-inetd
insserv: remove service /etc/init.d/../rc0.d/K89klogd
insserv: enable service ../init.d/klogd -> /etc/init.d/../rc0.d/K01klogd
insserv: remove service /etc/init.d/../rc0.d/K20vsftpd
insserv: enable service ../init.d/vsftpd -> /etc/init.d/../rc0.d/K01vsftpd
insserv: remove service /etc/init.d/../rc0.d/K19samba
insserv: enable service ../init.d/samba -> /etc/init.d/../rc0.d/K01samba
insserv: remove service /etc/init.d/../rc0.d/K95avr-evtd
insserv: enable service ../init.d/avr-evtd -> /etc/init.d/../rc0.d/K01avr-evtd
insserv: remove service /etc/init.d/../rc1.d/K11cron
insserv: enable service ../init.d/cron -> /etc/init.d/../rc1.d/K01cron
insserv: remove service /etc/init.d/../rc1.d/K90sysklogd
insserv: enable service ../init.d/sysklogd -> /etc/init.d/../rc1.d/K02sysklogd
insserv: remove service /etc/init.d/../rc1.d/K20openbsd-inetd
insserv: enable service ../init.d/openbsd-inetd -> /etc/init.d/../rc1.d/K01openbsd-inetd
insserv: remove service /etc/init.d/../rc1.d/K89klogd
insserv: enable service ../init.d/klogd -> /etc/init.d/../rc1.d/K01klogd
insserv: remove service /etc/init.d/../rc1.d/K20vsftpd
insserv: enable service ../init.d/vsftpd -> /etc/init.d/../rc1.d/K01vsftpd
insserv: remove service /etc/init.d/../rc1.d/K19samba
insserv: enable service ../init.d/samba -> /etc/init.d/../rc1.d/K01samba
insserv: remove service /etc/init.d/../rc1.d/K95avr-evtd
insserv: enable service ../init.d/avr-evtd -> /etc/init.d/../rc1.d/K01avr-evtd
insserv: remove service /etc/init.d/../rc1.d/S30killprocs
insserv: enable service ../init.d/killprocs -> /etc/init.d/../rc1.d/S01killprocs
insserv: remove service /etc/init.d/../rc1.d/S90single
insserv: enable service ../init.d/single -> /etc/init.d/../rc1.d/S02single
insserv: remove service /etc/init.d/../rc1.d/S70bootlogs
insserv: enable service ../init.d/bootlogs -> /etc/init.d/../rc1.d/S01bootlogs
insserv: remove service /etc/init.d/../rc2.d/S89cron
insserv: enable service ../init.d/cron -> /etc/init.d/../rc2.d/S02cron
insserv: remove service /etc/init.d/../rc2.d/S10sysklogd
insserv: enable service ../init.d/sysklogd -> /etc/init.d/../rc2.d/S01sysklogd
insserv: remove service /etc/init.d/../rc2.d/S20openbsd-inetd
insserv: enable service ../init.d/openbsd-inetd -> /etc/init.d/../rc2.d/S02openbsd-inetd
insserv: remove service /etc/init.d/../rc2.d/S11klogd
insserv: enable service ../init.d/klogd -> /etc/init.d/../rc2.d/S02klogd
insserv: remove service /etc/init.d/../rc2.d/S20vsftpd
insserv: enable service ../init.d/vsftpd -> /etc/init.d/../rc2.d/S02vsftpd
insserv: remove service /etc/init.d/../rc2.d/S20samba
insserv: enable service ../init.d/samba -> /etc/init.d/../rc2.d/S01samba
insserv: remove service /etc/init.d/../rc2.d/S12avr-evtd
insserv: enable service ../init.d/avr-evtd -> /etc/init.d/../rc2.d/S02avr-evtd
insserv: remove service /etc/init.d/../rc2.d/S70bootlogs
insserv: enable service ../init.d/bootlogs -> /etc/init.d/../rc2.d/S01bootlogs
insserv: remove service /etc/init.d/../rc2.d/S16ssh
insserv: enable service ../init.d/ssh -> /etc/init.d/../rc2.d/S02ssh
insserv: remove service /etc/init.d/../rc2.d/S99rc.local
insserv: enable service ../init.d/rc.local -> /etc/init.d/../rc2.d/S03rc.local
insserv: remove service /etc/init.d/../rc2.d/S99rmnologin
insserv: enable service ../init.d/rmnologin -> /etc/init.d/../rc2.d/S03rmnologin
insserv: remove service /etc/init.d/../rc2.d/S99stop-bootlogd
insserv: enable service ../init.d/stop-bootlogd -> /etc/init.d/../rc2.d/S03stop-bootlogd
insserv: remove service /etc/init.d/../rc2.d/S99linuxlogo
insserv: enable service ../init.d/linuxlogo -> /etc/init.d/../rc2.d/S01linuxlogo
insserv: remove service /etc/init.d/../rc2.d/S12dbus
insserv: enable service ../init.d/dbus -> /etc/init.d/../rc2.d/S02dbus
insserv: remove service /etc/init.d/../rc3.d/S89cron
insserv: enable service ../init.d/cron -> /etc/init.d/../rc3.d/S02cron
insserv: remove service /etc/init.d/../rc3.d/S10sysklogd
insserv: enable service ../init.d/sysklogd -> /etc/init.d/../rc3.d/S01sysklogd
insserv: remove service /etc/init.d/../rc3.d/S20openbsd-inetd
insserv: enable service ../init.d/openbsd-inetd -> /etc/init.d/../rc3.d/S02openbsd-inetd
insserv: remove service /etc/init.d/../rc3.d/S11klogd
insserv: enable service ../init.d/klogd -> /etc/init.d/../rc3.d/S02klogd
insserv: remove service /etc/init.d/../rc3.d/S20vsftpd
insserv: enable service ../init.d/vsftpd -> /etc/init.d/../rc3.d/S02vsftpd
insserv: remove service /etc/init.d/../rc3.d/S20samba
insserv: enable service ../init.d/samba -> /etc/init.d/../rc3.d/S01samba
insserv: remove service /etc/init.d/../rc3.d/S12avr-evtd
insserv: enable service ../init.d/avr-evtd -> /etc/init.d/../rc3.d/S02avr-evtd
insserv: remove service /etc/init.d/../rc3.d/S70bootlogs
insserv: enable service ../init.d/bootlogs -> /etc/init.d/../rc3.d/S01bootlogs
insserv: remove service /etc/init.d/../rc3.d/S16ssh
insserv: enable service ../init.d/ssh -> /etc/init.d/../rc3.d/S02ssh
insserv: remove service /etc/init.d/../rc3.d/S99rc.local
insserv: enable service ../init.d/rc.local -> /etc/init.d/../rc3.d/S03rc.local
insserv: remove service /etc/init.d/../rc3.d/S99rmnologin
insserv: enable service ../init.d/rmnologin -> /etc/init.d/../rc3.d/S03rmnologin
insserv: remove service /etc/init.d/../rc3.d/S99stop-bootlogd
insserv: enable service ../init.d/stop-bootlogd -> /etc/init.d/../rc3.d/S03stop-bootlogd
insserv: remove service /etc/init.d/../rc3.d/S99linuxlogo
insserv: enable service ../init.d/linuxlogo -> /etc/init.d/../rc3.d/S01linuxlogo
insserv: remove service /etc/init.d/../rc3.d/S12dbus
insserv: enable service ../init.d/dbus -> /etc/init.d/../rc3.d/S02dbus
insserv: remove service /etc/init.d/../rc4.d/S89cron
insserv: enable service ../init.d/cron -> /etc/init.d/../rc4.d/S02cron
insserv: remove service /etc/init.d/../rc4.d/S10sysklogd
insserv: enable service ../init.d/sysklogd -> /etc/init.d/../rc4.d/S01sysklogd
insserv: remove service /etc/init.d/../rc4.d/S20openbsd-inetd
insserv: enable service ../init.d/openbsd-inetd -> /etc/init.d/../rc4.d/S02openbsd-inetd
insserv: remove service /etc/init.d/../rc4.d/S11klogd
insserv: enable service ../init.d/klogd -> /etc/init.d/../rc4.d/S02klogd
insserv: remove service /etc/init.d/../rc4.d/S20vsftpd
insserv: enable service ../init.d/vsftpd -> /etc/init.d/../rc4.d/S02vsftpd
insserv: remove service /etc/init.d/../rc4.d/S20samba
insserv: enable service ../init.d/samba -> /etc/init.d/../rc4.d/S01samba
insserv: remove service /etc/init.d/../rc4.d/S12avr-evtd
insserv: enable service ../init.d/avr-evtd -> /etc/init.d/../rc4.d/S02avr-evtd
insserv: remove service /etc/init.d/../rc4.d/S70bootlogs
insserv: enable service ../init.d/bootlogs -> /etc/init.d/../rc4.d/S01bootlogs
insserv: remove service /etc/init.d/../rc4.d/S16ssh
insserv: enable service ../init.d/ssh -> /etc/init.d/../rc4.d/S02ssh
insserv: remove service /etc/init.d/../rc4.d/S99rc.local
insserv: enable service ../init.d/rc.local -> /etc/init.d/../rc4.d/S03rc.local
insserv: remove service /etc/init.d/../rc4.d/S99rmnologin
insserv: enable service ../init.d/rmnologin -> /etc/init.d/../rc4.d/S03rmnologin
insserv: remove service /etc/init.d/../rc4.d/S99stop-bootlogd
insserv: enable service ../init.d/stop-bootlogd -> /etc/init.d/../rc4.d/S03stop-bootlogd
insserv: remove service /etc/init.d/../rc4.d/S99linuxlogo
insserv: enable service ../init.d/linuxlogo -> /etc/init.d/../rc4.d/S01linuxlogo
insserv: remove service /etc/init.d/../rc4.d/S12dbus
insserv: enable service ../init.d/dbus -> /etc/init.d/../rc4.d/S02dbus
insserv: remove service /etc/init.d/../rc5.d/S89cron
insserv: enable service ../init.d/cron -> /etc/init.d/../rc5.d/S02cron
insserv: remove service /etc/init.d/../rc5.d/S10sysklogd
insserv: enable service ../init.d/sysklogd -> /etc/init.d/../rc5.d/S01sysklogd
insserv: remove service /etc/init.d/../rc5.d/S20openbsd-inetd
insserv: enable service ../init.d/openbsd-inetd -> /etc/init.d/../rc5.d/S02openbsd-inetd
insserv: remove service /etc/init.d/../rc5.d/S11klogd
insserv: enable service ../init.d/klogd -> /etc/init.d/../rc5.d/S02klogd
insserv: remove service /etc/init.d/../rc5.d/S20vsftpd
insserv: enable service ../init.d/vsftpd -> /etc/init.d/../rc5.d/S02vsftpd
insserv: remove service /etc/init.d/../rc5.d/S20samba
insserv: enable service ../init.d/samba -> /etc/init.d/../rc5.d/S01samba
insserv: remove service /etc/init.d/../rc5.d/S12avr-evtd
insserv: enable service ../init.d/avr-evtd -> /etc/init.d/../rc5.d/S02avr-evtd
insserv: remove service /etc/init.d/../rc5.d/S70bootlogs
insserv: enable service ../init.d/bootlogs -> /etc/init.d/../rc5.d/S01bootlogs
insserv: remove service /etc/init.d/../rc5.d/S16ssh
insserv: enable service ../init.d/ssh -> /etc/init.d/../rc5.d/S02ssh
insserv: remove service /etc/init.d/../rc5.d/S99rc.local
insserv: enable service ../init.d/rc.local -> /etc/init.d/../rc5.d/S03rc.local
insserv: remove service /etc/init.d/../rc5.d/S99rmnologin
insserv: enable service ../init.d/rmnologin -> /etc/init.d/../rc5.d/S03rmnologin
insserv: remove service /etc/init.d/../rc5.d/S99stop-bootlogd
insserv: enable service ../init.d/stop-bootlogd -> /etc/init.d/../rc5.d/S03stop-bootlogd
insserv: remove service /etc/init.d/../rc5.d/S99linuxlogo
insserv: enable service ../init.d/linuxlogo -> /etc/init.d/../rc5.d/S01linuxlogo
insserv: remove service /etc/init.d/../rc5.d/S12dbus
insserv: enable service ../init.d/dbus -> /etc/init.d/../rc5.d/S02dbus
insserv: remove service /etc/init.d/../rc6.d/K36ifupdown
insserv: enable service ../init.d/ifupdown -> /etc/init.d/../rc6.d/K06ifupdown
insserv: remove service /etc/init.d/../rc6.d/K40umountfs
insserv: enable service ../init.d/umountfs -> /etc/init.d/../rc6.d/K07umountfs
insserv: remove service /etc/init.d/../rc6.d/K35networking
insserv: enable service ../init.d/networking -> /etc/init.d/../rc6.d/K05networking
insserv: remove service /etc/init.d/../rc6.d/K30urandom
insserv: enable service ../init.d/urandom -> /etc/init.d/../rc6.d/K01urandom
insserv: remove service /etc/init.d/../rc6.d/K25hwclock.sh
insserv: enable service ../init.d/hwclock.sh -> /etc/init.d/../rc6.d/K03hwclock.sh
insserv: remove service /etc/init.d/../rc6.d/K11cron
insserv: enable service ../init.d/cron -> /etc/init.d/../rc6.d/K01cron
insserv: remove service /etc/init.d/../rc6.d/K31umountnfs.sh
insserv: enable service ../init.d/umountnfs.sh -> /etc/init.d/../rc6.d/K04umountnfs.sh
insserv: remove service /etc/init.d/../rc6.d/K20sendsigs
insserv: enable service ../init.d/sendsigs -> /etc/init.d/../rc6.d/K03sendsigs
insserv: remove service /etc/init.d/../rc6.d/K90sysklogd
insserv: enable service ../init.d/sysklogd -> /etc/init.d/../rc6.d/K02sysklogd
insserv: remove service /etc/init.d/../rc6.d/K60umountroot
insserv: enable service ../init.d/umountroot -> /etc/init.d/../rc6.d/K08umountroot
insserv: remove service /etc/init.d/../rc6.d/K20openbsd-inetd
insserv: enable service ../init.d/openbsd-inetd -> /etc/init.d/../rc6.d/K01openbsd-inetd
insserv: remove service /etc/init.d/../rc6.d/K90reboot
insserv: enable service ../init.d/reboot -> /etc/init.d/../rc6.d/K09reboot
insserv: remove service /etc/init.d/../rc6.d/K89klogd
insserv: enable service ../init.d/klogd -> /etc/init.d/../rc6.d/K01klogd
insserv: remove service /etc/init.d/../rc6.d/K20vsftpd
insserv: enable service ../init.d/vsftpd -> /etc/init.d/../rc6.d/K01vsftpd
insserv: remove service /etc/init.d/../rc6.d/K19samba
insserv: enable service ../init.d/samba -> /etc/init.d/../rc6.d/K01samba
insserv: remove service /etc/init.d/../rc6.d/K95avr-evtd
insserv: enable service ../init.d/avr-evtd -> /etc/init.d/../rc6.d/K01avr-evtd
insserv: remove service /etc/init.d/../rcS.d/S39ifupdown
insserv: enable service ../init.d/ifupdown -> /etc/init.d/../rcS.d/S08ifupdown
insserv: remove service /etc/init.d/../rcS.d/S18ifupdown-clean
insserv: enable service ../init.d/ifupdown-clean -> /etc/init.d/../rcS.d/S06ifupdown-clean
insserv: remove service /etc/init.d/../rcS.d/S35mountall.sh
insserv: enable service ../init.d/mountall.sh -> /etc/init.d/../rcS.d/S08mountall.sh
insserv: remove service /etc/init.d/../rcS.d/S37mountoverflowtmp
insserv: enable service ../init.d/mountoverflowtmp -> /etc/init.d/../rcS.d/S10mountoverflowtmp
insserv: remove service /etc/init.d/../rcS.d/S40networking
insserv: enable service ../init.d/networking -> /etc/init.d/../rcS.d/S11networking
insserv: remove service /etc/init.d/../rcS.d/S02mountkernfs.sh
insserv: enable service ../init.d/mountkernfs.sh -> /etc/init.d/../rcS.d/S01mountkernfs.sh
insserv: remove service /etc/init.d/../rcS.d/S55urandom
insserv: enable service ../init.d/urandom -> /etc/init.d/../rcS.d/S11urandom
insserv: remove service /etc/init.d/../rcS.d/S11hwclock.sh
insserv: enable service ../init.d/hwclock.sh -> /etc/init.d/../rcS.d/S06hwclock.sh
insserv: remove service /etc/init.d/../rcS.d/S10checkroot.sh
insserv: enable service ../init.d/checkroot.sh -> /etc/init.d/../rcS.d/S05checkroot.sh
insserv: remove service /etc/init.d/../rcS.d/S45mountnfs.sh
insserv: enable service ../init.d/mountnfs.sh -> /etc/init.d/../rcS.d/S12mountnfs.sh
insserv: remove service /etc/init.d/../rcS.d/S46mountnfs-bootclean.sh
insserv: enable service ../init.d/mountnfs-bootclean.sh -> /etc/init.d/../rcS.d/S13mountnfs-bootclean.sh
insserv: remove service /etc/init.d/../rcS.d/S02hostname.sh
insserv: enable service ../init.d/hostname.sh -> /etc/init.d/../rcS.d/S04hostname.sh
insserv: remove service /etc/init.d/../rcS.d/S30procps
insserv: enable service ../init.d/procps -> /etc/init.d/../rcS.d/S11procps
insserv: remove service /etc/init.d/../rcS.d/S20module-init-tools
insserv: enable service ../init.d/module-init-tools -> /etc/init.d/../rcS.d/S06module-init-tools
insserv: remove service /etc/init.d/../rcS.d/S04mountdevsubfs.sh
insserv: enable service ../init.d/mountdevsubfs.sh -> /etc/init.d/../rcS.d/S02mountdevsubfs.sh
insserv: remove service /etc/init.d/../rcS.d/S05bootlogd
insserv: enable service ../init.d/bootlogd -> /etc/init.d/../rcS.d/S03bootlogd
insserv: remove service /etc/init.d/../rcS.d/S08hwclockfirst.sh
insserv: enable service ../init.d/hwclockfirst.sh -> /etc/init.d/../rcS.d/S04hwclockfirst.sh
insserv: remove service /etc/init.d/../rcS.d/S12mtab.sh
insserv: enable service ../init.d/mtab.sh -> /etc/init.d/../rcS.d/S06mtab.sh
insserv: remove service /etc/init.d/../rcS.d/S30checkfs.sh
insserv: enable service ../init.d/checkfs.sh -> /etc/init.d/../rcS.d/S07checkfs.sh
insserv: remove service /etc/init.d/../rcS.d/S36mountall-bootclean.sh
insserv: enable service ../init.d/mountall-bootclean.sh -> /etc/init.d/../rcS.d/S09mountall-bootclean.sh
insserv: remove service /etc/init.d/../rcS.d/S55bootmisc.sh
insserv: enable service ../init.d/bootmisc.sh -> /etc/init.d/../rcS.d/S14bootmisc.sh
insserv: remove service /etc/init.d/../rcS.d/S99stop-bootlogd-single
insserv: enable service ../init.d/stop-bootlogd-single -> /etc/init.d/../rcS.d/S15stop-bootlogd-single
insserv: creating .depend.boot
insserv: creating .depend.start
insserv: creating .depend.stop
