Mon Jan 31 10:30:27 UTC 2011 command is 4[0] for /dev/ttyS0
Mon Jan 31 10:30:31 UTC 2011 command is 7[0] for /dev/ttyS0
Wed Feb  9 12:37:33 UTC 2011 command is 4[0] for /dev/ttyS0
Wed Feb  9 12:37:37 UTC 2011 command is 7[0] for /dev/ttyS0
Fri Mar 11 20:11:52 UTC 2011 command is 4[0] for /dev/ttyS0
Fri Mar 11 20:11:56 UTC 2011 command is 7[0] for /dev/ttyS0
Thu Mar 17 13:28:43 UTC 2011 command is 4[0] for /dev/ttyS0
Thu Mar 17 13:28:47 UTC 2011 command is 7[0] for /dev/ttyS0
Fri Apr  1 13:18:34 UTC 2011 command is 4[0] for /dev/ttyS0
Fri Apr  1 13:18:38 UTC 2011 command is 7[0] for /dev/ttyS0
Sat Apr 30 00:42:58 UTC 2011 command is 4[0] for /dev/ttyS0
Sat Apr 30 00:43:02 UTC 2011 command is 7[0] for /dev/ttyS0
Sun Jun  5 10:37:23 UTC 2011 command is 4[0] for /dev/ttyS0
Sun Jun  5 10:37:27 UTC 2011 command is 7[0] for /dev/ttyS0
Sun Jul  3 04:30:37 UTC 2011 command is 4[0] for /dev/ttyS0
Sun Jul  3 04:30:41 UTC 2011 command is 7[0] for /dev/ttyS0
Tue Jul 12 21:37:33 UTC 2011 command is 4[0] for /dev/ttyS0
Tue Jul 12 21:37:33 UTC 2011 command is 3[0] for /dev/ttyS0
Tue Jul 12 21:37:33 UTC 2011 command is 4[0] for /dev/ttyS0
Tue Jul 12 21:37:37 UTC 2011 command is 7[0] for /dev/ttyS0
Sat Jul 16 00:35:23 UTC 2011 command is 4[0] for /dev/ttyS0
Sat Jul 16 00:35:27 UTC 2011 command is 7[0] for /dev/ttyS0
Sun Jul 24 21:54:36 UTC 2011 command is 4[0] for /dev/ttyS0
Sun Jul 24 21:54:40 UTC 2011 command is 7[0] for /dev/ttyS0
Sun Aug 21 03:02:00 UTC 2011 command is 4[0] for /dev/ttyS0
Sun Aug 21 03:02:04 UTC 2011 command is 7[0] for /dev/ttyS0
