Selecting previously deselected package base-files.
(Reading database ... 0 files and directories currently installed.)
Unpacking base-files (from .../base-files_4_powerpc.deb) ...
Selecting previously deselected package base-passwd.
Unpacking base-passwd (from .../base-passwd_3.5.11_powerpc.deb) ...
dpkg: base-passwd: dependency problems, but configuring anyway as you request:
 base-passwd depends on libc6 (>= 2.3.5-1); however:
  Package libc6 is not installed.
Setting up base-passwd (3.5.11) ...

dpkg: base-files: dependency problems, but configuring anyway as you request:
 base-files depends on awk; however:
  Package awk is not installed.
Setting up base-files (4) ...

dpkg: regarding .../dpkg_1.13.26_powerpc.deb containing dpkg, pre-dependency problem:
 dpkg pre-depends on libc6 (>= 2.3.5-1)
dpkg: warning - ignoring pre-dependency problem !
dpkg: regarding .../dpkg_1.13.26_powerpc.deb containing dpkg, pre-dependency problem:
 dpkg pre-depends on coreutils (>= 5.93-1)
dpkg: warning - ignoring pre-dependency problem !
(Reading database ... 84 files and directories currently installed.)
Preparing to replace dpkg 1.13.26 (using .../dpkg_1.13.26_powerpc.deb) ...
Unpacking replacement dpkg ...
dpkg: dpkg: dependency problems, but configuring anyway as you request:
 dpkg depends on libc6 (>= 2.3.5-1); however:
  Package libc6 is not installed.
 dpkg depends on coreutils (>= 5.93-1); however:
  Package coreutils is not installed.
Setting up dpkg (1.13.26) ...

Selecting previously deselected package libc6.
(Reading database ... 304 files and directories currently installed.)
Unpacking libc6 (from .../libc6_2.3.6.ds1-13etch9_powerpc.deb) ...
dpkg: libc6: dependency problems, but configuring anyway as you request:
 libc6 depends on tzdata; however:
  Package tzdata is not installed.
Setting up libc6 (2.3.6.ds1-13etch9) ...

Selecting previously deselected package perl-base.
(Reading database ... 643 files and directories currently installed.)
Unpacking perl-base (from .../perl-base_5.8.8-7etch6_powerpc.deb) ...
Setting up perl-base (5.8.8-7etch6) ...
Selecting previously deselected package mawk.
(Reading database ... 763 files and directories currently installed.)
Unpacking mawk (from .../mawk_1.3.3-11_powerpc.deb) ...
Setting up mawk (1.3.3-11) ...

Selecting previously deselected package debconf.
(Reading database ... 782 files and directories currently installed.)
Unpacking debconf (from .../debconf_1.5.11etch2_all.deb) ...
dpkg: debconf: dependency problems, but configuring anyway as you request:
 debconf depends on debconf-i18n | debconf-english; however:
  Package debconf-i18n is not installed.
  Package debconf-english is not installed.
Setting up debconf (1.5.11etch2) ...

(Reading database ... 958 files and directories currently installed.)
Preparing to replace base-files 4 (using .../base-files_4_powerpc.deb) ...
Unpacking replacement base-files ...
Preparing to replace base-passwd 3.5.11 (using .../base-passwd_3.5.11_powerpc.deb) ...
Unpacking replacement base-passwd ...
Selecting previously deselected package bash.
dpkg: regarding .../bash_3.1dfsg-8_powerpc.deb containing bash, pre-dependency problem:
 bash pre-depends on libncurses5 (>= 5.4-5)
dpkg: warning - ignoring pre-dependency problem !
Unpacking bash (from .../bash_3.1dfsg-8_powerpc.deb) ...
Selecting previously deselected package bsdutils.
Unpacking bsdutils (from .../bsdutils_1%3a2.12r-19etch1_powerpc.deb) ...
Selecting previously deselected package coreutils.
dpkg: regarding .../coreutils_5.97-5.3_powerpc.deb containing coreutils, pre-dependency problem:
 coreutils pre-depends on libacl1 (>= 2.2.11-1)
dpkg: warning - ignoring pre-dependency problem !
dpkg: regarding .../coreutils_5.97-5.3_powerpc.deb containing coreutils, pre-dependency problem:
 coreutils pre-depends on libselinux1 (>= 1.32)
dpkg: warning - ignoring pre-dependency problem !
Unpacking coreutils (from .../coreutils_5.97-5.3_powerpc.deb) ...
No diversion `any diversion of /usr/share/man/man1/md5sum.textutils.1.gz', none removed
No diversion `any diversion of /usr/bin/md5sum.textutils', none removed
Preparing to replace debconf 1.5.11etch2 (using .../debconf_1.5.11etch2_all.deb) ...
Unpacking replacement debconf ...
Selecting previously deselected package debconf-i18n.
Unpacking debconf-i18n (from .../debconf-i18n_1.5.11etch2_all.deb) ...
Selecting previously deselected package debianutils.
dpkg: regarding .../debianutils_2.17_powerpc.deb containing debianutils, pre-dependency problem:
 debianutils pre-depends on coreutils (>= 4.5.8-1)
  coreutils is unpacked, but has never been configured.
dpkg: warning - ignoring pre-dependency problem !
dpkg: regarding .../debianutils_2.17_powerpc.deb containing debianutils, pre-dependency problem:
 debianutils pre-depends on mktemp
  mktemp is not installed.
dpkg: warning - ignoring pre-dependency problem !
Unpacking debianutils (from .../debianutils_2.17_powerpc.deb) ...
Selecting previously deselected package diff.
Unpacking diff (from .../diff_2.8.1-11_powerpc.deb) ...
dpkg: regarding .../dpkg_1.13.26_powerpc.deb containing dpkg, pre-dependency problem:
 dpkg pre-depends on coreutils (>= 5.93-1)
  coreutils is unpacked, but has never been configured.
dpkg: warning - ignoring pre-dependency problem !
Preparing to replace dpkg 1.13.26 (using .../dpkg_1.13.26_powerpc.deb) ...
Unpacking replacement dpkg ...
Selecting previously deselected package dselect.
Unpacking dselect (from .../dselect_1.13.26_powerpc.deb) ...
Selecting previously deselected package e2fslibs.
Unpacking e2fslibs (from .../e2fslibs_1.39+1.40-WIP-2006.11.14+dfsg-2etch1_powerpc.deb) ...
Selecting previously deselected package e2fsprogs.
dpkg: regarding .../e2fsprogs_1.39+1.40-WIP-2006.11.14+dfsg-2etch1_powerpc.deb containing e2fsprogs, pre-dependency problem:
 e2fsprogs pre-depends on e2fslibs (= 1.39+1.40-WIP-2006.11.14+dfsg-2etch1)
  e2fslibs is unpacked, but has never been configured.
dpkg: warning - ignoring pre-dependency problem !
dpkg: regarding .../e2fsprogs_1.39+1.40-WIP-2006.11.14+dfsg-2etch1_powerpc.deb containing e2fsprogs, pre-dependency problem:
 e2fsprogs pre-depends on libblkid1 (>= 1.34-1)
dpkg: warning - ignoring pre-dependency problem !
dpkg: regarding .../e2fsprogs_1.39+1.40-WIP-2006.11.14+dfsg-2etch1_powerpc.deb containing e2fsprogs, pre-dependency problem:
 e2fsprogs pre-depends on libcomerr2 (>= 1.34-1)
dpkg: warning - ignoring pre-dependency problem !
dpkg: regarding .../e2fsprogs_1.39+1.40-WIP-2006.11.14+dfsg-2etch1_powerpc.deb containing e2fsprogs, pre-dependency problem:
 e2fsprogs pre-depends on libss2 (>= 1.34-1)
dpkg: warning - ignoring pre-dependency problem !
dpkg: regarding .../e2fsprogs_1.39+1.40-WIP-2006.11.14+dfsg-2etch1_powerpc.deb containing e2fsprogs, pre-dependency problem:
 e2fsprogs pre-depends on libuuid1 (>= 1.34-1)
dpkg: warning - ignoring pre-dependency problem !
Unpacking e2fsprogs (from .../e2fsprogs_1.39+1.40-WIP-2006.11.14+dfsg-2etch1_powerpc.deb) ...
Selecting previously deselected package findutils.
Unpacking findutils (from .../findutils_4.2.28-1etch1_powerpc.deb) ...
Selecting previously deselected package gcc-4.1-base.
Unpacking gcc-4.1-base (from .../gcc-4.1-base_4.1.1-21_powerpc.deb) ...
Selecting previously deselected package grep.
Unpacking grep (from .../grep_2.5.1.ds2-6_powerpc.deb) ...
Selecting previously deselected package gzip.
Unpacking gzip (from .../gzip_1.3.5-15_powerpc.deb) ...
Selecting previously deselected package hostname.
Unpacking hostname (from .../hostname_2.93_powerpc.deb) ...
Selecting previously deselected package initscripts.
Unpacking initscripts (from .../initscripts_2.86.ds1-38+etchnhalf.1_powerpc.deb) ...
Selecting previously deselected package libacl1.
Unpacking libacl1 (from .../libacl1_2.2.41-1_powerpc.deb) ...
Selecting previously deselected package libattr1.
Unpacking libattr1 (from .../libattr1_2.4.32-1_powerpc.deb) ...
Selecting previously deselected package libblkid1.
Unpacking libblkid1 (from .../libblkid1_1.39+1.40-WIP-2006.11.14+dfsg-2etch1_powerpc.deb) ...
Preparing to replace libc6 2.3.6.ds1-13etch9 (using .../libc6_2.3.6.ds1-13etch9_powerpc.deb) ...
Unpacking replacement libc6 ...
Selecting previously deselected package libc6-ppc64.
Unpacking libc6-ppc64 (from .../libc6-ppc64_2.3.6.ds1-13etch9_powerpc.deb) ...
Selecting previously deselected package libcap1.
Unpacking libcap1 (from .../libcap1_1%3a1.10-14_powerpc.deb) ...
Selecting previously deselected package libcomerr2.
Unpacking libcomerr2 (from .../libcomerr2_1.39+1.40-WIP-2006.11.14+dfsg-2etch1_powerpc.deb) ...
Selecting previously deselected package libdb4.3.
Unpacking libdb4.3 (from .../libdb4.3_4.3.29-8_powerpc.deb) ...
Selecting previously deselected package libdevmapper1.02.
Unpacking libdevmapper1.02 (from .../libdevmapper1.02_2%3a1.02.08-1_powerpc.deb) ...
Selecting previously deselected package libgcc1.
Unpacking libgcc1 (from .../libgcc1_1%3a4.1.1-21_powerpc.deb) ...
Selecting previously deselected package liblocale-gettext-perl.
Unpacking liblocale-gettext-perl (from .../liblocale-gettext-perl_1.05-1_powerpc.deb) ...
Selecting previously deselected package libncurses5.
Unpacking libncurses5 (from .../libncurses5_5.5-5_powerpc.deb) ...
Selecting previously deselected package libpam-modules.
Unpacking libpam-modules (from .../libpam-modules_0.79-5+etch1_powerpc.deb) ...
Selecting previously deselected package libpam-runtime.
Unpacking libpam-runtime (from .../libpam-runtime_0.79-5+etch1_all.deb) ...
Selecting previously deselected package libpam0g.
Unpacking libpam0g (from .../libpam0g_0.79-5+etch1_powerpc.deb) ...
Selecting previously deselected package libselinux1.
Unpacking libselinux1 (from .../libselinux1_1.32-3_powerpc.deb) ...
Selecting previously deselected package libsepol1.
Unpacking libsepol1 (from .../libsepol1_1.14-2_powerpc.deb) ...
Selecting previously deselected package libslang2.
Unpacking libslang2 (from .../libslang2_2.0.6-4_powerpc.deb) ...
Selecting previously deselected package libss2.
Unpacking libss2 (from .../libss2_1.39+1.40-WIP-2006.11.14+dfsg-2etch1_powerpc.deb) ...
Selecting previously deselected package libstdc++6.
Unpacking libstdc++6 (from .../libstdc++6_4.1.1-21_powerpc.deb) ...
Selecting previously deselected package libtext-charwidth-perl.
Unpacking libtext-charwidth-perl (from .../libtext-charwidth-perl_0.04-4_powerpc.deb) ...
Selecting previously deselected package libtext-iconv-perl.
Unpacking libtext-iconv-perl (from .../libtext-iconv-perl_1.4-3_powerpc.deb) ...
Selecting previously deselected package libtext-wrapi18n-perl.
Unpacking libtext-wrapi18n-perl (from .../libtext-wrapi18n-perl_0.06-5_all.deb) ...
Selecting previously deselected package libuuid1.
Unpacking libuuid1 (from .../libuuid1_1.39+1.40-WIP-2006.11.14+dfsg-2etch1_powerpc.deb) ...
Selecting previously deselected package login.
dpkg: regarding .../login_1%3a4.0.18.1-7+etch1_powerpc.deb containing login, pre-dependency problem:
 login pre-depends on libpam0g (>= 0.76)
  libpam0g is unpacked, but has never been configured.
dpkg: warning - ignoring pre-dependency problem !
dpkg: regarding .../login_1%3a4.0.18.1-7+etch1_powerpc.deb containing login, pre-dependency problem:
 login pre-depends on libpam-runtime (>= 0.76-14)
  libpam-runtime is unpacked, but has never been configured.
dpkg: warning - ignoring pre-dependency problem !
Unpacking login (from .../login_1%3a4.0.18.1-7+etch1_powerpc.deb) ...
Selecting previously deselected package lsb-base.
Unpacking lsb-base (from .../lsb-base_3.1-23.2etch1_all.deb) ...
Selecting previously deselected package makedev.
Unpacking makedev (from .../makedev_2.3.1-83_all.deb) ...
Preparing to replace mawk 1.3.3-11 (using .../mawk_1.3.3-11_powerpc.deb) ...
Unpacking replacement mawk ...
Selecting previously deselected package mktemp.
Unpacking mktemp (from .../mktemp_1.5-2_powerpc.deb) ...
Selecting previously deselected package mount.
dpkg: regarding .../mount_2.12r-19etch1_powerpc.deb containing mount, pre-dependency problem:
 mount pre-depends on libblkid1 (>= 1.37-1)
  libblkid1 is unpacked, but has never been configured.
dpkg: warning - ignoring pre-dependency problem !
dpkg: regarding .../mount_2.12r-19etch1_powerpc.deb containing mount, pre-dependency problem:
 mount pre-depends on libuuid1
  libuuid1 is unpacked, but has never been configured.
dpkg: warning - ignoring pre-dependency problem !
Unpacking mount (from .../mount_2.12r-19etch1_powerpc.deb) ...
Selecting previously deselected package ncurses-base.
Unpacking ncurses-base (from .../ncurses-base_5.5-5_all.deb) ...
Selecting previously deselected package ncurses-bin.
dpkg: regarding .../ncurses-bin_5.5-5_powerpc.deb containing ncurses-bin, pre-dependency problem:
 ncurses-bin pre-depends on libncurses5 (>= 5.4-5)
  libncurses5 is unpacked, but has never been configured.
dpkg: warning - ignoring pre-dependency problem !
Unpacking ncurses-bin (from .../ncurses-bin_5.5-5_powerpc.deb) ...
Selecting previously deselected package passwd.
Unpacking passwd (from .../passwd_1%3a4.0.18.1-7+etch1_powerpc.deb) ...
Preparing to replace perl-base 5.8.8-7etch6 (using .../perl-base_5.8.8-7etch6_powerpc.deb) ...
Unpacking replacement perl-base ...
Selecting previously deselected package procps.
Unpacking procps (from .../procps_1%3a3.2.7-3_powerpc.deb) ...
Selecting previously deselected package sed.
Unpacking sed (from .../sed_4.1.5-1_powerpc.deb) ...
Selecting previously deselected package sysv-rc.
Unpacking sysv-rc (from .../sysv-rc_2.86.ds1-38+etchnhalf.1_all.deb) ...
Selecting previously deselected package sysvinit.
dpkg: regarding .../sysvinit_2.86.ds1-38+etchnhalf.1_powerpc.deb containing sysvinit, pre-dependency problem:
 sysvinit pre-depends on initscripts
  initscripts is unpacked, but has never been configured.
dpkg: warning - ignoring pre-dependency problem !
dpkg: regarding .../sysvinit_2.86.ds1-38+etchnhalf.1_powerpc.deb containing sysvinit, pre-dependency problem:
 sysvinit pre-depends on sysv-rc (>= 2.86.ds1-1.2) | file-rc (>> 0.7.0)
  sysv-rc is unpacked, but has never been configured.
dpkg: warning - ignoring pre-dependency problem !
dpkg: regarding .../sysvinit_2.86.ds1-38+etchnhalf.1_powerpc.deb containing sysvinit, pre-dependency problem:
 sysvinit pre-depends on sysvinit-utils
  sysvinit-utils is not installed.
dpkg: warning - ignoring pre-dependency problem !
Unpacking sysvinit (from .../sysvinit_2.86.ds1-38+etchnhalf.1_powerpc.deb) ...
Selecting previously deselected package sysvinit-utils.
Unpacking sysvinit-utils (from .../sysvinit-utils_2.86.ds1-38+etchnhalf.1_powerpc.deb) ...
Selecting previously deselected package tar.
Unpacking tar (from .../tar_1.16-2etch1_powerpc.deb) ...
Selecting previously deselected package tzdata.
Unpacking tzdata (from .../tzdata_2008e-1etch3_all.deb) ...
Selecting previously deselected package util-linux.
dpkg: regarding .../util-linux_2.12r-19etch1_powerpc.deb containing util-linux, pre-dependency problem:
 util-linux pre-depends on libncurses5 (>= 5.4-5)
  libncurses5 is unpacked, but has never been configured.
dpkg: warning - ignoring pre-dependency problem !
dpkg: regarding .../util-linux_2.12r-19etch1_powerpc.deb containing util-linux, pre-dependency problem:
 util-linux pre-depends on libslang2 (>= 2.0.6-3)
  libslang2 is unpacked, but has never been configured.
dpkg: warning - ignoring pre-dependency problem !
dpkg: regarding .../util-linux_2.12r-19etch1_powerpc.deb containing util-linux, pre-dependency problem:
 util-linux pre-depends on libuuid1
  libuuid1 is unpacked, but has never been configured.
dpkg: warning - ignoring pre-dependency problem !
dpkg: regarding .../util-linux_2.12r-19etch1_powerpc.deb containing util-linux, pre-dependency problem:
 util-linux pre-depends on zlib1g (>= 1:1.2.1)
dpkg: warning - ignoring pre-dependency problem !
Unpacking util-linux (from .../util-linux_2.12r-19etch1_powerpc.deb) ...
Selecting previously deselected package zlib1g.
Unpacking zlib1g (from .../zlib1g_1%3a1.2.3-13_powerpc.deb) ...
Setting up sysv-rc (2.86.ds1-38+etchnhalf.1) ...
Setting up tzdata (2008e-1etch3) ...
Current default timezone: 'UTC'.
Local time is now:      Fri Apr 17 00:19:52 UTC 2009.
Universal Time is now:  Fri Apr 17 00:19:52 UTC 2009.
Run 'tzconfig' if you wish to change it.

Setting up gcc-4.1-base (4.1.1-21) ...

Setting up libpam-runtime (0.79-5+etch1) ...

Setting up libc6 (2.3.6.ds1-13etch9) ...

Setting up libcap1 (1.10-14) ...

Setting up mktemp (1.5-2) ...
Setting up libuuid1 (1.39+1.40-WIP-2006.11.14+dfsg-2etch1) ...

Setting up libpam0g (0.79-5+etch1) ...

Setting up bsdutils (2.12r-19etch1) ...

Setting up perl-base (5.8.8-7etch6) ...
Setting up libsepol1 (1.14-2) ...

Setting up tar (1.16-2etch1) ...

Setting up zlib1g (1.2.3-13) ...

Setting up libgcc1 (4.1.1-21) ...

Setting up libtext-iconv-perl (1.4-3) ...
Setting up libncurses5 (5.5-5) ...

Setting up libattr1 (2.4.32-1) ...

Setting up libc6-ppc64 (2.3.6.ds1-13etch9) ...

Setting up sed (4.1.5-1) ...

Setting up e2fslibs (1.39+1.40-WIP-2006.11.14+dfsg-2etch1) ...

Setting up base-passwd (3.5.11) ...

Setting up libcomerr2 (1.39+1.40-WIP-2006.11.14+dfsg-2etch1) ...

Setting up mawk (1.3.3-11) ...

Setting up libdb4.3 (4.3.29-8) ...
Setting up grep (2.5.1.ds2-6) ...

Setting up hostname (2.93) ...
Setting up libacl1 (2.2.41-1) ...

Setting up libslang2 (2.0.6-4) ...

Setting up libss2 (1.39+1.40-WIP-2006.11.14+dfsg-2etch1) ...

Setting up findutils (4.2.28-1etch1) ...

Setting up liblocale-gettext-perl (1.05-1) ...
Setting up diff (2.8.1-11) ...
Setting up libselinux1 (1.32-3) ...

Setting up libstdc++6 (4.1.1-21) ...

Setting up libdevmapper1.02 (1.02.08-1) ...
Loading device-mapper support.

Setting up libtext-charwidth-perl (0.04-4) ...
Setting up libtext-wrapi18n-perl (0.06-5) ...
Setting up coreutils (5.97-5.3) ...

Setting up debianutils (2.17) ...

Setting up makedev (2.3.1-83) ...

Setting up ncurses-base (5.5-5) ...
Setting up ncurses-bin (5.5-5) ...
Setting up libpam-modules (0.79-5+etch1) ...

Setting up base-files (4) ...

Setting up libblkid1 (1.39+1.40-WIP-2006.11.14+dfsg-2etch1) ...

Setting up e2fsprogs (1.39+1.40-WIP-2006.11.14+dfsg-2etch1) ...
Setting up gzip (1.3.5-15) ...

Setting up dpkg (1.13.26) ...

Setting up dselect (1.13.26) ...
Setting up sysvinit-utils (2.86.ds1-38+etchnhalf.1) ...
Setting up bash (3.1dfsg-8) ...

Setting up login (4.0.18.1-7+etch1) ...

Setting up lsb-base (3.1-23.2etch1) ...
Setting up procps (3.2.7-3) ...

Setting up mount (2.12r-19etch1) ...

Setting up passwd (4.0.18.1-7+etch1) ...
Shadow passwords are now on.

Setting up initscripts (2.86.ds1-38+etchnhalf.1) ...

Setting up util-linux (2.12r-19etch1) ...

Setting up sysvinit (2.86.ds1-38+etchnhalf.1) ...
sysvinit: creating /dev/initctl
init: timeout opening/writing control channel /dev/initctl

Setting up debconf-i18n (1.5.11etch2) ...
Setting up debconf (1.5.11etch2) ...

Selecting previously deselected package adduser.
(Reading database ... 5116 files and directories currently installed.)
Unpacking adduser (from .../archives/adduser_3.102_all.deb) ...
Selecting previously deselected package apt.
Unpacking apt (from .../apt_0.6.46.4-0.1_powerpc.deb) ...
Selecting previously deselected package apt-utils.
Unpacking apt-utils (from .../apt-utils_0.6.46.4-0.1_powerpc.deb) ...
Selecting previously deselected package aptitude.
Unpacking aptitude (from .../aptitude_0.4.4-4_powerpc.deb) ...
Selecting previously deselected package bsdmainutils.
Unpacking bsdmainutils (from .../bsdmainutils_6.1.6_powerpc.deb) ...
Selecting previously deselected package cpio.
Unpacking cpio (from .../cpio_2.6-18.1+etch1_powerpc.deb) ...
Selecting previously deselected package cron.
Unpacking cron (from .../cron_3.0pl1-100_powerpc.deb) ...
Selecting previously deselected package debian-archive-keyring.
Unpacking debian-archive-keyring (from .../debian-archive-keyring_2009.01.31_all.deb) ...
Selecting previously deselected package dhcp3-client.
Unpacking dhcp3-client (from .../dhcp3-client_3.0.4-13_powerpc.deb) ...
Selecting previously deselected package dhcp3-common.
Unpacking dhcp3-common (from .../dhcp3-common_3.0.4-13_powerpc.deb) ...
Selecting previously deselected package ed.
Unpacking ed (from .../archives/ed_0.2-20_powerpc.deb) ...
Selecting previously deselected package gnupg.
Unpacking gnupg (from .../gnupg_1.4.6-2_powerpc.deb) ...
Selecting previously deselected package gpgv.
Unpacking gpgv (from .../gpgv_1.4.6-2_powerpc.deb) ...
Selecting previously deselected package groff-base.
Unpacking groff-base (from .../groff-base_1.18.1.1-12_powerpc.deb) ...
Selecting previously deselected package ifupdown.
Unpacking ifupdown (from .../ifupdown_0.6.8_powerpc.deb) ...
Selecting previously deselected package info.
Unpacking info (from .../info_4.8.dfsg.1-4_powerpc.deb) ...
Selecting previously deselected package iptables.
Unpacking iptables (from .../iptables_1.3.6.0debian1-5_powerpc.deb) ...
Selecting previously deselected package iputils-ping.
Unpacking iputils-ping (from .../iputils-ping_3%3a20020927-6_powerpc.deb) ...
Selecting previously deselected package klogd.
Unpacking klogd (from .../klogd_1.4.1-18_powerpc.deb) ...
Selecting previously deselected package laptop-detect.
Unpacking laptop-detect (from .../laptop-detect_0.12.1_powerpc.deb) ...
Selecting previously deselected package libbz2-1.0.
Unpacking libbz2-1.0 (from .../libbz2-1.0_1.0.3-6_powerpc.deb) ...
Selecting previously deselected package libconsole.
Unpacking libconsole (from .../libconsole_1%3a0.2.3dbs-65_powerpc.deb) ...
Selecting previously deselected package libdb4.2.
Unpacking libdb4.2 (from .../libdb4.2_4.2.52+dfsg-2_powerpc.deb) ...
Selecting previously deselected package libdb4.4.
Unpacking libdb4.4 (from .../libdb4.4_4.4.20-8_powerpc.deb) ...
Selecting previously deselected package libgcrypt11.
Unpacking libgcrypt11 (from .../libgcrypt11_1.2.3-2_powerpc.deb) ...
Selecting previously deselected package libgdbm3.
Unpacking libgdbm3 (from .../libgdbm3_1.8.3-3_powerpc.deb) ...
Selecting previously deselected package libgnutls13.
Unpacking libgnutls13 (from .../libgnutls13_1.4.4-3+etch4_powerpc.deb) ...
Selecting previously deselected package libgpg-error0.
Unpacking libgpg-error0 (from .../libgpg-error0_1.4-1_powerpc.deb) ...
Selecting previously deselected package libldap2.
Unpacking libldap2 (from .../libldap2_2.1.30-13.3_powerpc.deb) ...
Selecting previously deselected package liblzo1.
Unpacking liblzo1 (from .../liblzo1_1.08-3_powerpc.deb) ...
Selecting previously deselected package libncursesw5.
Unpacking libncursesw5 (from .../libncursesw5_5.5-5_powerpc.deb) ...
Selecting previously deselected package libnewt0.52.
Unpacking libnewt0.52 (from .../libnewt0.52_0.52.2-10_powerpc.deb) ...
Selecting previously deselected package libopencdk8.
Unpacking libopencdk8 (from .../libopencdk8_0.5.9-2_powerpc.deb) ...
Selecting previously deselected package libpopt0.
Unpacking libpopt0 (from .../libpopt0_1.10-3_powerpc.deb) ...
Selecting previously deselected package libreadline5.
Unpacking libreadline5 (from .../libreadline5_5.2-2_powerpc.deb) ...
Selecting previously deselected package libsasl2.
Unpacking libsasl2 (from .../libsasl2_2.1.22.dfsg1-8_powerpc.deb) ...
Selecting previously deselected package libsasl2-2.
Unpacking libsasl2-2 (from .../libsasl2-2_2.1.22.dfsg1-8_powerpc.deb) ...
Selecting previously deselected package libsigc++-2.0-0c2a.
Unpacking libsigc++-2.0-0c2a (from .../libsigc++-2.0-0c2a_2.0.17-2_powerpc.deb) ...
Selecting previously deselected package libssl0.9.8.
Unpacking libssl0.9.8 (from .../libssl0.9.8_0.9.8c-4etch4_powerpc.deb) ...
Selecting previously deselected package libtasn1-3.
Unpacking libtasn1-3 (from .../libtasn1-3_0.3.6-2_powerpc.deb) ...
Selecting previously deselected package libusb-0.1-4.
Unpacking libusb-0.1-4 (from .../libusb-0.1-4_2%3a0.1.12-5_powerpc.deb) ...
Selecting previously deselected package libwrap0.
Unpacking libwrap0 (from .../libwrap0_7.6.dbs-13_powerpc.deb) ...
Selecting previously deselected package logrotate.
Unpacking logrotate (from .../logrotate_3.7.1-3_powerpc.deb) ...
Selecting previously deselected package mac-fdisk.
Unpacking mac-fdisk (from .../mac-fdisk_0.1-14_powerpc.deb) ...
Selecting previously deselected package man-db.
Unpacking man-db (from .../man-db_2.4.3-6_powerpc.deb) ...
Selecting previously deselected package manpages.
Unpacking manpages (from .../manpages_2.39-1_all.deb) ...
Selecting previously deselected package module-init-tools.
Unpacking module-init-tools (from .../module-init-tools_3.3-pre4-2_powerpc.deb) ...
Selecting previously deselected package nano.
Unpacking nano (from .../nano_2.0.2-1etch1_powerpc.deb) ...
Selecting previously deselected package net-tools.
Unpacking net-tools (from .../net-tools_1.60-17_powerpc.deb) ...
Selecting previously deselected package netbase.
Unpacking netbase (from .../archives/netbase_4.29_all.deb) ...
Selecting previously deselected package netcat.
Unpacking netcat (from .../netcat_1.10-32_powerpc.deb) ...
Selecting previously deselected package openbsd-inetd.
Unpacking openbsd-inetd (from .../openbsd-inetd_0.20050402-6_powerpc.deb) ...
Selecting previously deselected package powerpc-ibm-utils.
Unpacking powerpc-ibm-utils (from .../powerpc-ibm-utils_1.0.2-1_powerpc.deb) ...
Selecting previously deselected package powerpc-utils.
Unpacking powerpc-utils (from .../powerpc-utils_1.1.3-19_powerpc.deb) ...
Selecting previously deselected package readline-common.
Unpacking readline-common (from .../readline-common_5.2-2_all.deb) ...
Selecting previously deselected package sysklogd.
Unpacking sysklogd (from .../sysklogd_1.4.1-18_powerpc.deb) ...
Selecting previously deselected package tasksel.
Unpacking tasksel (from .../archives/tasksel_2.66_all.deb) ...
Selecting previously deselected package tasksel-data.
Unpacking tasksel-data (from .../tasksel-data_2.66_all.deb) ...
Selecting previously deselected package tcpd.
Unpacking tcpd (from .../tcpd_7.6.dbs-13_powerpc.deb) ...
Selecting previously deselected package traceroute.
Unpacking traceroute (from .../traceroute_1.4a12-21_powerpc.deb) ...
Selecting previously deselected package update-inetd.
Unpacking update-inetd (from .../update-inetd_4.27-0.5_all.deb) ...
Selecting previously deselected package vim-common.
Unpacking vim-common (from .../vim-common_1%3a7.0-122+1etch5_powerpc.deb) ...
Selecting previously deselected package vim-tiny.
Unpacking vim-tiny (from .../vim-tiny_1%3a7.0-122+1etch5_powerpc.deb) ...
Selecting previously deselected package wget.
Unpacking wget (from .../wget_1.10.2-2_powerpc.deb) ...
Selecting previously deselected package whiptail.
Unpacking whiptail (from .../whiptail_0.52.2-10_powerpc.deb) ...
Selecting previously deselected package yaboot.
Unpacking yaboot (from .../yaboot_1.3.13a-1_powerpc.deb) ...
Setting up laptop-detect (0.12.1) ...
Setting up gpgv (1.4.6-2) ...
Setting up module-init-tools (3.3-pre4-2) ...
Architecture-specific config file not found

Setting up libgdbm3 (1.8.3-3) ...

Setting up mac-fdisk (0.1-14) ...
No native fdisk for this machine type!

Setting up libtasn1-3 (0.3.6-2) ...

Setting up powerpc-ibm-utils (1.0.2-1) ...
Setting up libpopt0 (1.10-3) ...

Setting up libusb-0.1-4 (0.1.12-5) ...

Setting up libgpg-error0 (1.4-1) ...

Setting up update-inetd (4.27-0.5) ...

Setting up libssl0.9.8 (0.9.8c-4etch4) ...

Setting up vim-common (7.0-122+1etch5) ...

Setting up adduser (3.102) ...

Setting up traceroute (1.4a12-21) ...

Setting up manpages (2.39-1) ...
Setting up ed (0.2-20) ...

Setting up powerpc-utils (1.1.3-19) ...

Setting up liblzo1 (1.08-3) ...

Setting up wget (1.10.2-2) ...

Setting up groff-base (1.18.1.1-12) ...

Setting up libnewt0.52 (0.52.2-10) ...

Setting up libdb4.2 (4.2.52+dfsg-2) ...
Setting up libdb4.4 (4.4.20-8) ...
Setting up net-tools (1.60-17) ...
Setting up libsasl2-2 (2.1.22.dfsg1-8) ...

Setting up bsdmainutils (6.1.6) ...

Setting up libsigc++-2.0-0c2a (2.0.17-2) ...

Setting up libncursesw5 (5.5-5) ...

Setting up info (4.8.dfsg.1-4) ...

Setting up iputils-ping (20020927-6) ...
Setting up libbz2-1.0 (1.0.3-6) ...

Setting up yaboot (1.3.13a-1) ...

Setting up cron (3.0pl1-100) ...
Adding group `crontab' (GID 101) ...
Done.
Starting periodic command scheduler: crond
Warning: Fake start-stop-daemon called, doing nothing
.

Setting up libsasl2 (2.1.22.dfsg1-8) ...
Setting up nano (2.0.2-1etch1) ...

Setting up dhcp3-common (3.0.4-13) ...
Setting up libconsole (0.2.3dbs-65) ...

Setting up iptables (1.3.6.0debian1-5) ...

Setting up cpio (2.6-18.1+etch1) ...

Setting up vim-tiny (7.0-122+1etch5) ...

Setting up readline-common (5.2-2) ...

Setting up libwrap0 (7.6.dbs-13) ...

Setting up netcat (1.10-32) ...
Setting up tcpd (7.6.dbs-13) ...

Setting up man-db (2.4.3-6) ...
Building database of manual pages ...

Setting up libgcrypt11 (1.2.3-2) ...

Setting up whiptail (0.52.2-10) ...
Setting up ifupdown (0.6.8) ...
ifupdown.postinst: Warning: No 'iface lo' definition found in /etc/network/interfaces
ifupdown.postinst: Warning: No 'auto lo' statement found in /etc/network/interfaces

Setting up dhcp3-client (3.0.4-13) ...

Setting up openbsd-inetd (0.20050402-6) ...
Stopping internet superserver: inetd
Warning: Fake start-stop-daemon called, doing nothing
.
[33m*[39;49m Not starting internet superserver: no services enabled.

Setting up libreadline5 (5.2-2) ...

Setting up logrotate (3.7.1-3) ...
Setting up libopencdk8 (0.5.9-2) ...

Setting up libgnutls13 (1.4.4-3+etch4) ...

Setting up libldap2 (2.1.30-13.3) ...

Setting up netbase (4.29) ...

Setting up gnupg (1.4.6-2) ...
Setting up debian-archive-keyring (2009.01.31) ...
gpg: keyring `/etc/apt/trusted.gpg' created
gpg: /etc/apt/trustdb.gpg: trustdb created
gpg: key 6070D3A1: public key "Debian Archive Automatic Signing Key (4.0/etch) <ftpmaster@debian.org>" imported
gpg: key ADB11277: public key "Etch Stable Release Key <debian-release@lists.debian.org>" imported
gpg: key BBE55AB3: public key "Debian-Volatile Archive Automatic Signing Key (4.0/etch)" imported
gpg: key F42584E6: public key "Lenny Stable Release Key <debian-release@lists.debian.org>" imported
gpg: key 55BE302B: public key "Debian Archive Automatic Signing Key (5.0/lenny) <ftpmaster@debian.org>" imported
gpg: key 6D849617: public key "Debian-Volatile Archive Automatic Signing Key (5.0/lenny)" imported
gpg: Total number processed: 6
gpg:               imported: 6  (RSA: 2)
gpg: no ultimately trusted keys found

Setting up apt (0.6.46.4-0.1) ...
gpg: key 6070D3A1: "Debian Archive Automatic Signing Key (4.0/etch) <ftpmaster@debian.org>" not changed
gpg: key ADB11277: "Etch Stable Release Key <debian-release@lists.debian.org>" not changed
gpg: key BBE55AB3: "Debian-Volatile Archive Automatic Signing Key (4.0/etch)" not changed
gpg: key F42584E6: "Lenny Stable Release Key <debian-release@lists.debian.org>" not changed
gpg: key 55BE302B: "Debian Archive Automatic Signing Key (5.0/lenny) <ftpmaster@debian.org>" not changed
gpg: key 6D849617: "Debian-Volatile Archive Automatic Signing Key (5.0/lenny)" not changed
gpg: Total number processed: 6
gpg:              unchanged: 6

Setting up aptitude (0.4.4-4) ...

Setting up apt-utils (0.6.46.4-0.1) ...

Setting up klogd (1.4.1-18) ...
Stopping kernel log daemon: klogd
Warning: Fake start-stop-daemon called, doing nothing
.
Starting kernel log daemon: klogd
Warning: Fake start-stop-daemon called, doing nothing
.

Setting up tasksel-data (2.66) ...
Setting up sysklogd (1.4.1-18) ...
Stopping system log daemon: syslogd
Warning: Fake start-stop-daemon called, doing nothing
.
Starting system log daemon: syslogd
Warning: Fake start-stop-daemon called, doing nothing
.

Setting up tasksel (2.66) ...

