Jul  8 07:08:27 LSPPC-Wheezy smbd[2603]: [2012/07/08 07:08:27.576433,  0] printing/print_cups.c:110(cups_connect) 
Jul  8 07:08:27 LSPPC-Wheezy smbd[2603]:   Unable to connect to CUPS server localhost:631 - Connection refused 
Jul  8 07:08:27 LSPPC-Wheezy smbd[2067]: [2012/07/08 07:08:27.704860,  0] printing/print_cups.c:487(cups_async_callback) 
Jul  8 07:08:27 LSPPC-Wheezy smbd[2067]:   failed to retrieve printer list: NT_STATUS_UNSUCCESSFUL 
Jul  8 07:21:27 LSPPC-Wheezy smbd[2617]: [2012/07/08 07:21:27.945182,  0] printing/print_cups.c:110(cups_connect) 
Jul  8 07:21:27 LSPPC-Wheezy smbd[2617]:   Unable to connect to CUPS server localhost:631 - Connection refused 
Jul  8 07:21:28 LSPPC-Wheezy smbd[2067]: [2012/07/08 07:21:27.948684,  0] printing/print_cups.c:487(cups_async_callback) 
Jul  8 07:21:28 LSPPC-Wheezy smbd[2067]:   failed to retrieve printer list: NT_STATUS_UNSUCCESSFUL 
Jul  8 07:34:28 LSPPC-Wheezy smbd[2618]: [2012/07/08 07:34:28.700068,  0] printing/print_cups.c:110(cups_connect) 
Jul  8 07:34:28 LSPPC-Wheezy smbd[2618]:   Unable to connect to CUPS server localhost:631 - Connection refused 
Jul  8 07:34:28 LSPPC-Wheezy smbd[2067]: [2012/07/08 07:34:28.703585,  0] printing/print_cups.c:487(cups_async_callback) 
Jul  8 07:34:28 LSPPC-Wheezy smbd[2067]:   failed to retrieve printer list: NT_STATUS_UNSUCCESSFUL 
Jul  8 07:43:09 LSPPC-Wheezy transmission-daemon[2976]: Transmission 2.52 (13304) started (session.c:718)
Jul  8 07:43:10 LSPPC-Wheezy transmission-daemon[2976]: RPC Server Adding address to whitelist: 127.0.0.1 (rpc-server.c:803)
Jul  8 07:43:10 LSPPC-Wheezy transmission-daemon[2976]: RPC Server Serving RPC and Web requests on port 127.0.0.1:9091/transmission/ (rpc-server.c:997)
Jul  8 07:43:10 LSPPC-Wheezy transmission-daemon[2976]: RPC Server Whitelist enabled (rpc-server.c:1001)
Jul  8 07:43:10 LSPPC-Wheezy transmission-daemon[2976]: RPC Server Password required (rpc-server.c:1004)
Jul  8 07:43:10 LSPPC-Wheezy transmission-daemon[2976]: Port Forwarding Stopped (port-forwarding.c:181)
Jul  8 07:43:10 LSPPC-Wheezy transmission-daemon[2976]: UDP Failed to set receive buffer: requested 4194304, got 327680 (tr-udp.c:75)
Jul  8 07:43:10 LSPPC-Wheezy transmission-daemon[2976]: UDP Please add the line "net.core.rmem_max = 4194304" to /etc/sysctl.conf (tr-udp.c:80)
Jul  8 07:43:10 LSPPC-Wheezy transmission-daemon[2976]: UDP Failed to set send buffer: requested 1048576, got 327680 (tr-udp.c:86)
Jul  8 07:43:10 LSPPC-Wheezy transmission-daemon[2976]: UDP Please add the line "net.core.wmem_max = 1048576" to /etc/sysctl.conf (tr-udp.c:91)
Jul  8 07:43:10 LSPPC-Wheezy transmission-daemon[2976]: DHT Generating new id (tr-dht.c:309)
Jul  8 07:43:10 LSPPC-Wheezy transmission-daemon[2976]: Using settings from "/var/lib/transmission-daemon/info" (daemon.c:488)
Jul  8 07:43:10 LSPPC-Wheezy transmission-daemon[2976]: Saved "/etc/transmission-daemon/settings.json" (bencode.c:1731)
Jul  8 07:43:10 LSPPC-Wheezy transmission-daemon[2976]: transmission-daemon requiring authentication (daemon.c:508)
Jul  8 07:43:54 LSPPC-Wheezy transmission-daemon[2976]: DHT Attempting bootstrap from dht.transmissionbt.com (tr-dht.c:247)
Jul  8 07:43:59 LSPPC-Wheezy minissdpd[3022]: 6 new devices added
Jul  8 07:46:56 LSPPC-Wheezy minissdpd[3022]: 6 new devices added
Jul  8 07:47:29 LSPPC-Wheezy smbd[3028]: [2012/07/08 07:47:29.865550,  0] printing/print_cups.c:110(cups_connect) 
Jul  8 07:47:29 LSPPC-Wheezy smbd[3028]:   Unable to connect to CUPS server localhost:631 - Connection refused 
Jul  8 07:47:30 LSPPC-Wheezy smbd[2067]: [2012/07/08 07:47:29.951223,  0] printing/print_cups.c:487(cups_async_callback) 
Jul  8 07:47:30 LSPPC-Wheezy smbd[2067]:   failed to retrieve printer list: NT_STATUS_UNSUCCESSFUL 
Jul  8 07:48:42 LSPPC-Wheezy minissdpd[3022]: 6 new devices added
Jul  8 07:48:49 LSPPC-Wheezy smbd[3034]: [2012/07/08 07:48:49.900518,  0] param/loadparm.c:8004(lp_do_parameter) 
Jul  8 07:48:49 LSPPC-Wheezy smbd[3034]:   Global parameter guest account found in service section! 
Jul  8 07:48:50 LSPPC-Wheezy smbd[3034]: [2012/07/08 07:48:49.905915,  0] param/loadparm.c:8004(lp_do_parameter) 
Jul  8 07:48:50 LSPPC-Wheezy smbd[3034]:   Global parameter guest account found in service section! 
Jul  8 07:49:30 LSPPC-Wheezy smbd[3037]: [2012/07/08 07:49:30.652488,  0] param/loadparm.c:8004(lp_do_parameter) 
Jul  8 07:49:30 LSPPC-Wheezy smbd[3037]:   Global parameter guest account found in service section! 
Jul  8 07:49:30 LSPPC-Wheezy smbd[3037]: [2012/07/08 07:49:30.657811,  0] param/loadparm.c:8004(lp_do_parameter) 
Jul  8 07:49:30 LSPPC-Wheezy smbd[3037]:   Global parameter guest account found in service section! 
Jul  8 08:00:30 LSPPC-Wheezy smbd[3040]: [2012/07/08 08:00:30.055701,  0] printing/print_cups.c:110(cups_connect) 
Jul  8 08:00:30 LSPPC-Wheezy smbd[3040]:   Unable to connect to CUPS server localhost:631 - Connection refused 
Jul  8 08:00:30 LSPPC-Wheezy smbd[2067]: [2012/07/08 08:00:30.059174,  0] printing/print_cups.c:487(cups_async_callback) 
Jul  8 08:00:30 LSPPC-Wheezy smbd[2067]:   failed to retrieve printer list: NT_STATUS_UNSUCCESSFUL 
Jul  8 08:13:30 LSPPC-Wheezy smbd[3041]: [2012/07/08 08:13:30.355810,  0] printing/print_cups.c:110(cups_connect) 
Jul  8 08:13:30 LSPPC-Wheezy smbd[3041]:   Unable to connect to CUPS server localhost:631 - Connection refused 
Jul  8 08:13:30 LSPPC-Wheezy smbd[2067]: [2012/07/08 08:13:30.359544,  0] printing/print_cups.c:487(cups_async_callback) 
Jul  8 08:13:30 LSPPC-Wheezy smbd[2067]:   failed to retrieve printer list: NT_STATUS_UNSUCCESSFUL 
Jul  8 08:26:30 LSPPC-Wheezy smbd[3045]: [2012/07/08 08:26:30.542101,  0] printing/print_cups.c:110(cups_connect) 
Jul  8 08:26:30 LSPPC-Wheezy smbd[3045]:   Unable to connect to CUPS server localhost:631 - Connection refused 
Jul  8 08:26:30 LSPPC-Wheezy smbd[2067]: [2012/07/08 08:26:30.545572,  0] printing/print_cups.c:487(cups_async_callback) 
Jul  8 08:26:30 LSPPC-Wheezy smbd[2067]:   failed to retrieve printer list: NT_STATUS_UNSUCCESSFUL 
Jul  8 08:39:31 LSPPC-Wheezy smbd[3046]: [2012/07/08 08:39:31.238502,  0] printing/print_cups.c:110(cups_connect) 
Jul  8 08:39:31 LSPPC-Wheezy smbd[3046]:   Unable to connect to CUPS server localhost:631 - Connection refused 
Jul  8 08:39:31 LSPPC-Wheezy smbd[2067]: [2012/07/08 08:39:31.242041,  0] printing/print_cups.c:487(cups_async_callback) 
Jul  8 08:39:31 LSPPC-Wheezy smbd[2067]:   failed to retrieve printer list: NT_STATUS_UNSUCCESSFUL 
Jul  8 08:52:31 LSPPC-Wheezy smbd[3048]: [2012/07/08 08:52:31.664410,  0] printing/print_cups.c:110(cups_connect) 
Jul  8 08:52:31 LSPPC-Wheezy smbd[3048]:   Unable to connect to CUPS server localhost:631 - Connection refused 
Jul  8 08:52:31 LSPPC-Wheezy smbd[2067]: [2012/07/08 08:52:31.667890,  0] printing/print_cups.c:487(cups_async_callback) 
Jul  8 08:52:31 LSPPC-Wheezy smbd[2067]:   failed to retrieve printer list: NT_STATUS_UNSUCCESSFUL 
Jul  8 09:05:32 LSPPC-Wheezy smbd[3050]: [2012/07/08 09:05:32.278411,  0] printing/print_cups.c:110(cups_connect) 
Jul  8 09:05:32 LSPPC-Wheezy smbd[3050]:   Unable to connect to CUPS server localhost:631 - Connection refused 
Jul  8 09:05:32 LSPPC-Wheezy smbd[2067]: [2012/07/08 09:05:32.281999,  0] printing/print_cups.c:487(cups_async_callback) 
Jul  8 09:05:32 LSPPC-Wheezy smbd[2067]:   failed to retrieve printer list: NT_STATUS_UNSUCCESSFUL 
Jul  8 09:18:32 LSPPC-Wheezy smbd[3054]: [2012/07/08 09:18:32.870968,  0] printing/print_cups.c:110(cups_connect) 
Jul  8 09:18:32 LSPPC-Wheezy smbd[3054]:   Unable to connect to CUPS server localhost:631 - Connection refused 
Jul  8 09:18:32 LSPPC-Wheezy smbd[2067]: [2012/07/08 09:18:32.874524,  0] printing/print_cups.c:487(cups_async_callback) 
Jul  8 09:18:33 LSPPC-Wheezy smbd[2067]:   failed to retrieve printer list: NT_STATUS_UNSUCCESSFUL 
Jul  8 09:31:33 LSPPC-Wheezy smbd[3055]: [2012/07/08 09:31:33.097645,  0] printing/print_cups.c:110(cups_connect) 
Jul  8 09:31:33 LSPPC-Wheezy smbd[3055]:   Unable to connect to CUPS server localhost:631 - Connection refused 
Jul  8 09:31:33 LSPPC-Wheezy smbd[2067]: [2012/07/08 09:31:33.101117,  0] printing/print_cups.c:487(cups_async_callback) 
Jul  8 09:31:33 LSPPC-Wheezy smbd[2067]:   failed to retrieve printer list: NT_STATUS_UNSUCCESSFUL 
Jul  8 09:44:33 LSPPC-Wheezy smbd[3057]: [2012/07/08 09:44:33.806975,  0] printing/print_cups.c:110(cups_connect) 
Jul  8 09:44:33 LSPPC-Wheezy smbd[3057]:   Unable to connect to CUPS server localhost:631 - Connection refused 
Jul  8 09:44:33 LSPPC-Wheezy smbd[2067]: [2012/07/08 09:44:33.810458,  0] printing/print_cups.c:487(cups_async_callback) 
Jul  8 09:44:33 LSPPC-Wheezy smbd[2067]:   failed to retrieve printer list: NT_STATUS_UNSUCCESSFUL 
Jul  8 09:57:34 LSPPC-Wheezy smbd[3059]: [2012/07/08 09:57:34.184891,  0] printing/print_cups.c:110(cups_connect) 
Jul  8 09:57:34 LSPPC-Wheezy smbd[3059]:   Unable to connect to CUPS server localhost:631 - Connection refused 
Jul  8 09:57:34 LSPPC-Wheezy smbd[2067]: [2012/07/08 09:57:34.188401,  0] printing/print_cups.c:487(cups_async_callback) 
Jul  8 09:57:34 LSPPC-Wheezy smbd[2067]:   failed to retrieve printer list: NT_STATUS_UNSUCCESSFUL 
Jul  8 10:10:34 LSPPC-Wheezy smbd[3060]: [2012/07/08 10:10:34.382671,  0] printing/print_cups.c:110(cups_connect) 
Jul  8 10:10:34 LSPPC-Wheezy smbd[3060]:   Unable to connect to CUPS server localhost:631 - Connection refused 
Jul  8 10:10:34 LSPPC-Wheezy smbd[2067]: [2012/07/08 10:10:34.386162,  0] printing/print_cups.c:487(cups_async_callback) 
Jul  8 10:10:34 LSPPC-Wheezy smbd[2067]:   failed to retrieve printer list: NT_STATUS_UNSUCCESSFUL 
Jul  8 10:20:02 LSPPC-Wheezy transmission-daemon[2976]: Saved "/etc/transmission-daemon/settings.json" (bencode.c:1731)
Jul  8 10:20:02 LSPPC-Wheezy transmission-daemon[2976]: DHT Saving 95 (95 + 0) nodes (tr-dht.c:366)
Jul  8 10:20:02 LSPPC-Wheezy transmission-daemon[2976]: Saved "/var/lib/transmission-daemon/info/dht.dat" (bencode.c:1731)
Jul  8 10:20:02 LSPPC-Wheezy transmission-daemon[2976]: Port Forwarding Stopped (port-forwarding.c:181)
Jul  8 10:20:02 LSPPC-Wheezy transmission-daemon[2976]: Closing session
Jul  8 10:23:35 LSPPC-Wheezy smbd[3241]: [2012/07/08 10:23:35.034347,  0] printing/print_cups.c:110(cups_connect) 
Jul  8 10:23:35 LSPPC-Wheezy smbd[3241]:   Unable to connect to CUPS server localhost:631 - Connection refused 
Jul  8 10:23:35 LSPPC-Wheezy smbd[2067]: [2012/07/08 10:23:35.037829,  0] printing/print_cups.c:487(cups_async_callback) 
Jul  8 10:23:35 LSPPC-Wheezy smbd[2067]:   failed to retrieve printer list: NT_STATUS_UNSUCCESSFUL 
Jul  8 10:34:17 LSPPC-Wheezy init: Switching to runlevel: 6
Jul  8 10:34:19 LSPPC-Wheezy minissdpd[3022]: received signal 15, good-bye
Jul  8 10:34:20 LSPPC-Wheezy rpc.mountd[2035]: Caught signal 15, un-registering and exiting.
Jul  8 10:35:31 LSPPC-Wheezy ntpdate[1674]: adjust time server 4.53.160.74 offset -0.231241 sec
Jul  8 10:35:33 LSPPC-Wheezy ntpd[2275]: ntpd 4.2.6p5@1.2349-o Sat May 12 09:59:44 UTC 2012 (1)
Jul  8 10:35:33 LSPPC-Wheezy ntpd[2276]: proto: precision = 0.952 usec
Jul  8 10:35:34 LSPPC-Wheezy ntpd[2276]: Listen and drop on 0 v4wildcard 0.0.0.0 UDP 123
Jul  8 10:35:34 LSPPC-Wheezy ntpd[2276]: Listen and drop on 1 v6wildcard :: UDP 123
Jul  8 10:35:34 LSPPC-Wheezy ntpd[2276]: Listen normally on 2 lo 127.0.0.1 UDP 123
Jul  8 10:35:34 LSPPC-Wheezy ntpd[2276]: Listen normally on 3 eth0 192.168.1.7 UDP 123
Jul  8 10:35:35 LSPPC-Wheezy ntpd[2276]: Listen normally on 4 lo ::1 UDP 123
Jul  8 10:35:35 LSPPC-Wheezy ntpd[2276]: Listen normally on 5 eth0 fe80::20d:bff:fead:9486 UDP 123
Jul  8 10:35:35 LSPPC-Wheezy ntpd[2276]: peers refreshed
Jul  8 10:35:35 LSPPC-Wheezy ntpd[2276]: Listening on routing socket on fd #22 for interface updates
Jul  8 10:35:50 LSPPC-Wheezy ntpdate[2397]: the NTP socket is in use, exiting
Jul  8 10:37:46 LSPPC-Wheezy minissdpd[2372]: 6 new devices added
Jul  8 10:38:57 LSPPC-Wheezy minissdpd[2372]: 6 new devices added
Jul  8 10:42:38 LSPPC-Wheezy minissdpd[2372]: 6 new devices added
Jul  8 10:48:23 LSPPC-Wheezy smbd[2501]: [2012/07/08 10:48:23.948382,  0] printing/print_cups.c:110(cups_connect) 
Jul  8 10:48:23 LSPPC-Wheezy smbd[2501]:   Unable to connect to CUPS server localhost:631 - Connection refused 
Jul  8 10:48:24 LSPPC-Wheezy smbd[2061]: [2012/07/08 10:48:23.951925,  0] printing/print_cups.c:487(cups_async_callback) 
Jul  8 10:48:24 LSPPC-Wheezy smbd[2061]:   failed to retrieve printer list: NT_STATUS_UNSUCCESSFUL 
Jul  8 10:56:03 LSPPC-Wheezy transmission-daemon[2600]: Transmission 2.52 (13304) started (session.c:718)
Jul  8 10:56:03 LSPPC-Wheezy transmission-daemon[2600]: RPC Server Adding address to whitelist: 127.0.0.1 (rpc-server.c:803)
Jul  8 10:56:03 LSPPC-Wheezy transmission-daemon[2600]: RPC Server Serving RPC and Web requests on port 127.0.0.1:9091/transmission/ (rpc-server.c:997)
Jul  8 10:56:03 LSPPC-Wheezy transmission-daemon[2600]: Port Forwarding Stopped (port-forwarding.c:181)
Jul  8 10:56:03 LSPPC-Wheezy transmission-daemon[2600]: UDP Failed to set receive buffer: requested 4194304, got 327680 (tr-udp.c:75)
Jul  8 10:56:03 LSPPC-Wheezy transmission-daemon[2600]: UDP Please add the line "net.core.rmem_max = 4194304" to /etc/sysctl.conf (tr-udp.c:80)
Jul  8 10:56:03 LSPPC-Wheezy transmission-daemon[2600]: UDP Failed to set send buffer: requested 1048576, got 327680 (tr-udp.c:86)
Jul  8 10:56:03 LSPPC-Wheezy transmission-daemon[2600]: UDP Please add the line "net.core.wmem_max = 1048576" to /etc/sysctl.conf (tr-udp.c:91)
Jul  8 10:56:03 LSPPC-Wheezy transmission-daemon[2600]: DHT Reusing old id (tr-dht.c:305)
Jul  8 10:56:03 LSPPC-Wheezy transmission-daemon[2600]: DHT Bootstrapping from 95 IPv4 nodes (tr-dht.c:153)
Jul  8 10:56:03 LSPPC-Wheezy transmission-daemon[2600]: Using settings from "/var/lib/transmission-daemon/info" (daemon.c:488)
Jul  8 10:56:03 LSPPC-Wheezy transmission-daemon[2600]: Saved "/etc/transmission-daemon/settings.json" (bencode.c:1731)
Jul  8 10:56:10 LSPPC-Wheezy transmission-daemon[2600]: Searching for web interface file "/root/.local/share/transmission/web/index.html" (platform.c:540)
Jul  8 10:56:10 LSPPC-Wheezy transmission-daemon[2600]: Searching for web interface file "/usr/share/transmission/web/index.html" (platform.c:540)
Jul  8 10:56:45 LSPPC-Wheezy transmission-daemon[2600]: Saved "/etc/transmission-daemon/settings.json" (bencode.c:1731)
Jul  8 10:56:45 LSPPC-Wheezy transmission-daemon[2600]: DHT Not saving nodes, DHT not ready (tr-dht.c:356)
Jul  8 10:56:45 LSPPC-Wheezy transmission-daemon[2600]: Port Forwarding Stopped (port-forwarding.c:181)
Jul  8 10:56:45 LSPPC-Wheezy transmission-daemon[2600]: Closing session
Jul  8 11:01:24 LSPPC-Wheezy smbd[2696]: [2012/07/08 11:01:24.683650,  0] printing/print_cups.c:110(cups_connect) 
Jul  8 11:01:24 LSPPC-Wheezy smbd[2696]:   Unable to connect to CUPS server localhost:631 - Connection refused 
Jul  8 11:01:24 LSPPC-Wheezy smbd[2061]: [2012/07/08 11:01:24.687431,  0] printing/print_cups.c:487(cups_async_callback) 
Jul  8 11:01:24 LSPPC-Wheezy smbd[2061]:   failed to retrieve printer list: NT_STATUS_UNSUCCESSFUL 
Jul  8 11:13:49 LSPPC-Wheezy transmission-daemon[2803]: Transmission 2.52 (13304) started (session.c:718)
Jul  8 11:13:49 LSPPC-Wheezy transmission-daemon[2803]: RPC Server Adding address to whitelist: 127.0.0.1 (rpc-server.c:803)
Jul  8 11:13:49 LSPPC-Wheezy transmission-daemon[2803]: RPC Server Serving RPC and Web requests on port 127.0.0.1:9091/transmission/ (rpc-server.c:997)
Jul  8 11:13:50 LSPPC-Wheezy transmission-daemon[2803]: Port Forwarding Stopped (port-forwarding.c:181)
Jul  8 11:13:50 LSPPC-Wheezy transmission-daemon[2803]: UDP Failed to set receive buffer: requested 4194304, got 327680 (tr-udp.c:75)
Jul  8 11:13:50 LSPPC-Wheezy transmission-daemon[2803]: UDP Please add the line "net.core.rmem_max = 4194304" to /etc/sysctl.conf (tr-udp.c:80)
Jul  8 11:13:50 LSPPC-Wheezy transmission-daemon[2803]: UDP Failed to set send buffer: requested 1048576, got 327680 (tr-udp.c:86)
Jul  8 11:13:50 LSPPC-Wheezy transmission-daemon[2803]: UDP Please add the line "net.core.wmem_max = 1048576" to /etc/sysctl.conf (tr-udp.c:91)
Jul  8 11:13:50 LSPPC-Wheezy transmission-daemon[2803]: DHT Reusing old id (tr-dht.c:305)
Jul  8 11:13:50 LSPPC-Wheezy transmission-daemon[2803]: DHT Bootstrapping from 95 IPv4 nodes (tr-dht.c:153)
Jul  8 11:13:50 LSPPC-Wheezy transmission-daemon[2803]: Using settings from "/var/lib/transmission-daemon/info" (daemon.c:488)
Jul  8 11:13:50 LSPPC-Wheezy transmission-daemon[2803]: Couldn't save temporary file "/etc/transmission-daemon/settings.json.tmp.FiyEC9": Permission denied (bencode.c:1744)
Jul  8 11:14:25 LSPPC-Wheezy smbd[2824]: [2012/07/08 11:14:25.430316,  0] printing/print_cups.c:110(cups_connect) 
Jul  8 11:14:25 LSPPC-Wheezy smbd[2824]:   Unable to connect to CUPS server localhost:631 - Connection refused 
Jul  8 11:14:25 LSPPC-Wheezy smbd[2061]: [2012/07/08 11:14:25.433751,  0] printing/print_cups.c:487(cups_async_callback) 
Jul  8 11:14:25 LSPPC-Wheezy smbd[2061]:   failed to retrieve printer list: NT_STATUS_UNSUCCESSFUL 
Jul  8 11:16:30 LSPPC-Wheezy init: Switching to runlevel: 6
Jul  8 11:16:32 LSPPC-Wheezy minissdpd[2372]: received signal 15, good-bye
Jul  8 11:16:33 LSPPC-Wheezy rpc.mountd[2029]: Caught signal 15, un-registering and exiting.
Jul  8 11:17:44 LSPPC-Wheezy ntpdate[1674]: adjust time server 128.10.254.7 offset -0.215046 sec
Jul  8 11:17:46 LSPPC-Wheezy ntpd[2277]: ntpd 4.2.6p5@1.2349-o Sat May 12 09:59:44 UTC 2012 (1)
Jul  8 11:17:47 LSPPC-Wheezy ntpd[2278]: proto: precision = 0.891 usec
Jul  8 11:17:47 LSPPC-Wheezy ntpd[2278]: Listen and drop on 0 v4wildcard 0.0.0.0 UDP 123
Jul  8 11:17:47 LSPPC-Wheezy ntpd[2278]: Listen and drop on 1 v6wildcard :: UDP 123
Jul  8 11:17:47 LSPPC-Wheezy ntpd[2278]: Listen normally on 2 lo 127.0.0.1 UDP 123
Jul  8 11:17:47 LSPPC-Wheezy ntpd[2278]: Listen normally on 3 eth0 192.168.1.7 UDP 123
Jul  8 11:17:48 LSPPC-Wheezy ntpd[2278]: Listen normally on 4 lo ::1 UDP 123
Jul  8 11:17:48 LSPPC-Wheezy ntpd[2278]: Listen normally on 5 eth0 fe80::20d:bff:fead:9486 UDP 123
Jul  8 11:17:48 LSPPC-Wheezy ntpd[2278]: peers refreshed
Jul  8 11:17:48 LSPPC-Wheezy ntpd[2278]: Listening on routing socket on fd #22 for interface updates
Jul  8 11:17:50 LSPPC-Wheezy transmission-daemon[2344]: Transmission 2.52 (13304) started (session.c:718)
Jul  8 11:17:50 LSPPC-Wheezy transmission-daemon[2344]: RPC Server Adding address to whitelist: 127.0.0.1 (rpc-server.c:803)
Jul  8 11:17:50 LSPPC-Wheezy transmission-daemon[2344]: RPC Server Serving RPC and Web requests on port 127.0.0.1:9091/transmission/ (rpc-server.c:997)
Jul  8 11:17:50 LSPPC-Wheezy transmission-daemon[2344]: Port Forwarding Stopped (port-forwarding.c:181)
Jul  8 11:17:50 LSPPC-Wheezy transmission-daemon[2344]: UDP Failed to set receive buffer: requested 4194304, got 327680 (tr-udp.c:75)
Jul  8 11:17:50 LSPPC-Wheezy transmission-daemon[2344]: UDP Please add the line "net.core.rmem_max = 4194304" to /etc/sysctl.conf (tr-udp.c:80)
Jul  8 11:17:50 LSPPC-Wheezy transmission-daemon[2344]: UDP Failed to set send buffer: requested 1048576, got 327680 (tr-udp.c:86)
Jul  8 11:17:50 LSPPC-Wheezy transmission-daemon[2344]: UDP Please add the line "net.core.wmem_max = 1048576" to /etc/sysctl.conf (tr-udp.c:91)
Jul  8 11:17:51 LSPPC-Wheezy transmission-daemon[2344]: DHT Reusing old id (tr-dht.c:305)
Jul  8 11:17:51 LSPPC-Wheezy transmission-daemon[2344]: DHT Bootstrapping from 95 IPv4 nodes (tr-dht.c:153)
Jul  8 11:17:51 LSPPC-Wheezy transmission-daemon[2344]: Using settings from "/var/lib/transmission-daemon/info" (daemon.c:488)
Jul  8 11:17:51 LSPPC-Wheezy transmission-daemon[2344]: Couldn't save temporary file "/etc/transmission-daemon/settings.json.tmp.wJf6yb": Permission denied (bencode.c:1744)
Jul  8 11:18:04 LSPPC-Wheezy ntpdate[2402]: the NTP socket is in use, exiting
Jul  8 11:21:19 LSPPC-Wheezy transmission-daemon[2344]: Searching for web interface file "/home/nasuser/.local/share/transmission/web/index.html" (platform.c:540)
Jul  8 11:21:19 LSPPC-Wheezy transmission-daemon[2344]: Searching for web interface file "/usr/share/transmission/web/index.html" (platform.c:540)
Jul  8 11:21:28 LSPPC-Wheezy transmission-daemon[2344]: Saved "/var/lib/transmission-daemon/info/torrents/debian-6.0.5-powerpc-businesscard.iso.ce0f3e1babe5e7ec.torrent" (bencode.c:1731)
Jul  8 11:21:28 LSPPC-Wheezy transmission-daemon[2344]: debian-6.0.5-powerpc-businesscard.iso Pausing (torrent.c:1763)
Jul  8 11:21:28 LSPPC-Wheezy transmission-daemon[2344]: Saved "/var/lib/transmission-daemon/info/resume/debian-6.0.5-powerpc-businesscard.iso.ce0f3e1babe5e7ec.resume" (bencode.c:1731)
Jul  8 11:21:28 LSPPC-Wheezy transmission-daemon[2344]: debian-6.0.5-powerpc-businesscard.iso Queued for verification (verify.c:260)
Jul  8 11:21:28 LSPPC-Wheezy transmission-daemon[2344]: debian-6.0.5-powerpc-businesscard.iso Verifying torrent (verify.c:218)
Jul  8 11:21:35 LSPPC-Wheezy transmission-daemon[2344]: debian-6.0.5-powerpc-businesscard.iso Starting IPv4 DHT announce (poor, 34 nodes) (tr-dht.c:574)
Jul  8 11:22:19 LSPPC-Wheezy minissdpd[2377]: 6 new devices added
Jul  8 11:22:44 LSPPC-Wheezy minissdpd[2377]: 6 new devices added
Jul  8 11:23:21 LSPPC-Wheezy minissdpd[2377]: 6 new devices added
Jul  8 11:23:48 LSPPC-Wheezy transmission-daemon[2344]: Saved "/var/lib/transmission-daemon/info/resume/debian-6.0.5-powerpc-businesscard.iso.ce0f3e1babe5e7ec.resume" (bencode.c:1731)
Jul  8 11:23:48 LSPPC-Wheezy transmission-daemon[2344]: Saved "/var/lib/transmission-daemon/info/stats.json" (bencode.c:1731)
Jul  8 11:26:03 LSPPC-Wheezy transmission-daemon[2344]: debian-6.0.5-powerpc-businesscard.iso IPv4 DHT announce done (tr-dht.c:542)
Jul  8 11:27:51 LSPPC-Wheezy transmission-daemon[2344]: debian-6.0.5-powerpc-businesscard.iso State changed from "Incomplete" to "Complete" (torrent.c:2042)
Jul  8 11:29:48 LSPPC-Wheezy transmission-daemon[2344]: Saved "/var/lib/transmission-daemon/info/resume/debian-6.0.5-powerpc-businesscard.iso.ce0f3e1babe5e7ec.resume" (bencode.c:1731)
Jul  8 11:29:48 LSPPC-Wheezy transmission-daemon[2344]: Saved "/var/lib/transmission-daemon/info/stats.json" (bencode.c:1731)
Jul  8 11:29:50 LSPPC-Wheezy transmission-daemon[2344]: debian-6.0.5-powerpc-businesscard.iso Removing torrent (torrent.c:1813)
Jul  8 11:29:50 LSPPC-Wheezy transmission-daemon[2344]: debian-6.0.5-powerpc-businesscard.iso Pausing (torrent.c:1763)
Jul  8 11:30:36 LSPPC-Wheezy smbd[2416]: [2012/07/08 11:30:36.863883,  0] printing/print_cups.c:110(cups_connect) 
Jul  8 11:30:36 LSPPC-Wheezy smbd[2416]:   Unable to connect to CUPS server localhost:631 - Connection refused 
Jul  8 11:30:37 LSPPC-Wheezy smbd[2063]: [2012/07/08 11:30:36.966258,  0] printing/print_cups.c:487(cups_async_callback) 
Jul  8 11:30:37 LSPPC-Wheezy smbd[2063]:   failed to retrieve printer list: NT_STATUS_UNSUCCESSFUL 
Jul  8 11:36:32 LSPPC-Wheezy init: Switching to runlevel: 0
Jul  8 11:36:34 LSPPC-Wheezy minissdpd[2377]: received signal 15, good-bye
Jul  8 11:36:35 LSPPC-Wheezy rpc.mountd[2031]: Caught signal 15, un-registering and exiting.
